running egg_info
creating ../../build/turbopi_sim/turbopi_sim.egg-info
writing ../../build/turbopi_sim/turbopi_sim.egg-info/PKG-INFO
writing dependency_links to ../../build/turbopi_sim/turbopi_sim.egg-info/dependency_links.txt
writing requirements to ../../build/turbopi_sim/turbopi_sim.egg-info/requires.txt
writing top-level names to ../../build/turbopi_sim/turbopi_sim.egg-info/top_level.txt
writing manifest file '../../build/turbopi_sim/turbopi_sim.egg-info/SOURCES.txt'
reading manifest file '../../build/turbopi_sim/turbopi_sim.egg-info/SOURCES.txt'
writing manifest file '../../build/turbopi_sim/turbopi_sim.egg-info/SOURCES.txt'
running build
running install
running install_data
creating /home/garegin/turbo_ws/install/turbopi_sim/share/ament_index
creating /home/garegin/turbo_ws/install/turbopi_sim/share/ament_index/resource_index
creating /home/garegin/turbo_ws/install/turbopi_sim/share/ament_index/resource_index/packages
copying resource/turbopi_sim -> /home/garegin/turbo_ws/install/turbopi_sim/share/ament_index/resource_index/packages
copying package.xml -> /home/garegin/turbo_ws/install/turbopi_sim/share/turbopi_sim
creating /home/garegin/turbo_ws/install/turbopi_sim/share/turbopi_sim/launch
copying launch/turbopi_sim.launch.py -> /home/garegin/turbo_ws/install/turbopi_sim/share/turbopi_sim/launch
creating /home/garegin/turbo_ws/install/turbopi_sim/share/turbopi_sim/urdf
copying urdf/turbopi.urdf -> /home/garegin/turbo_ws/install/turbopi_sim/share/turbopi_sim/urdf
running install_egg_info
Copying ../../build/turbopi_sim/turbopi_sim.egg-info to /home/garegin/turbo_ws/install/turbopi_sim/lib/python3.12/site-packages/turbopi_sim-0.0.1-py3.12.egg-info
running install_scripts
writing list of installed files to '/home/garegin/turbo_ws/build/turbopi_sim/install.log'
