[0.389s] Invoking command in '/home/garegin/turbo_ws/src/turbopi_sim': DEBUGINFOD_URLS=https://debuginfod.ubuntu.com PYTHONPATH=/home/garegin/turbo_ws/build/turbopi_sim/prefix_override:/usr/lib/python3/dist-packages/colcon_core/task/python/colcon_distutils_commands:/home/garegin/turbo_ws/install/turbopi_sim/lib/python3.12/site-packages:${PYTHONPATH} /usr/bin/python3 -W ignore:setup.py install is deprecated -W ignore:easy_install command is deprecated setup.py egg_info --egg-base ../../build/turbopi_sim build --build-base /home/garegin/turbo_ws/build/turbopi_sim/build install --record /home/garegin/turbo_ws/build/turbopi_sim/install.log --single-version-externally-managed install_data
[0.515s] running egg_info
[0.515s] creating ../../build/turbopi_sim/turbopi_sim.egg-info
[0.524s] writing ../../build/turbopi_sim/turbopi_sim.egg-info/PKG-INFO
[0.524s] writing dependency_links to ../../build/turbopi_sim/turbopi_sim.egg-info/dependency_links.txt
[0.524s] writing requirements to ../../build/turbopi_sim/turbopi_sim.egg-info/requires.txt
[0.524s] writing top-level names to ../../build/turbopi_sim/turbopi_sim.egg-info/top_level.txt
[0.524s] writing manifest file '../../build/turbopi_sim/turbopi_sim.egg-info/SOURCES.txt'
[0.532s] reading manifest file '../../build/turbopi_sim/turbopi_sim.egg-info/SOURCES.txt'
[0.533s] writing manifest file '../../build/turbopi_sim/turbopi_sim.egg-info/SOURCES.txt'
[0.533s] running build
[0.533s] running install
[0.536s] running install_data
[0.536s] creating /home/garegin/turbo_ws/install/turbopi_sim/share/ament_index
[0.536s] creating /home/garegin/turbo_ws/install/turbopi_sim/share/ament_index/resource_index
[0.536s] creating /home/garegin/turbo_ws/install/turbopi_sim/share/ament_index/resource_index/packages
[0.536s] copying resource/turbopi_sim -> /home/garegin/turbo_ws/install/turbopi_sim/share/ament_index/resource_index/packages
[0.536s] copying package.xml -> /home/garegin/turbo_ws/install/turbopi_sim/share/turbopi_sim
[0.537s] creating /home/garegin/turbo_ws/install/turbopi_sim/share/turbopi_sim/launch
[0.537s] copying launch/turbopi_sim.launch.py -> /home/garegin/turbo_ws/install/turbopi_sim/share/turbopi_sim/launch
[0.537s] creating /home/garegin/turbo_ws/install/turbopi_sim/share/turbopi_sim/urdf
[0.537s] copying urdf/turbopi.urdf -> /home/garegin/turbo_ws/install/turbopi_sim/share/turbopi_sim/urdf
[0.537s] running install_egg_info
[0.554s] Copying ../../build/turbopi_sim/turbopi_sim.egg-info to /home/garegin/turbo_ws/install/turbopi_sim/lib/python3.12/site-packages/turbopi_sim-0.0.1-py3.12.egg-info
[0.555s] running install_scripts
[0.616s] writing list of installed files to '/home/garegin/turbo_ws/build/turbopi_sim/install.log'
[0.628s] Invoked command in '/home/garegin/turbo_ws/src/turbopi_sim' returned '0': DEBUGINFOD_URLS=https://debuginfod.ubuntu.com PYTHONPATH=/home/garegin/turbo_ws/build/turbopi_sim/prefix_override:/usr/lib/python3/dist-packages/colcon_core/task/python/colcon_distutils_commands:/home/garegin/turbo_ws/install/turbopi_sim/lib/python3.12/site-packages:${PYTHONPATH} /usr/bin/python3 -W ignore:setup.py install is deprecated -W ignore:easy_install command is deprecated setup.py egg_info --egg-base ../../build/turbopi_sim build --build-base /home/garegin/turbo_ws/build/turbopi_sim/build install --record /home/garegin/turbo_ws/build/turbopi_sim/install.log --single-version-externally-managed install_data
